[[1;34mINFO[m] Scanning for projects...
[[1;34mINFO[m] 
[[1;34mINFO[m] [1m--------------------------< [0;36mcn.yifan:drawsee[0;1m >--------------------------[m
[[1;34mINFO[m] [1mBuilding drawsee-java 0.0.1-SNAPSHOT[m
[[1;34mINFO[m] [1m--------------------------------[ jar ]---------------------------------[m
[[1;34mINFO[m] 
[[1;34mINFO[m] [1m>>> [0;32mspring-boot-maven-plugin:3.4.3:run[m [1m(default-cli)[0;1m > [0;1mtest-compile[m @ [36mdrawsee[0;1m >>>[m
[[1;34mINFO[m] 
[[1;34mINFO[m] [1m--- [0;32mmaven-resources-plugin:3.3.1:resources[m [1m(default-resources)[m @ [36mdrawsee[0;1m ---[m
[[1;34mINFO[m] Copying 4 resources from src/main/resources to target/classes
[[1;34mINFO[m] Copying 50 resources from src/main/resources to target/classes
[[1;34mINFO[m] 
[[1;34mINFO[m] [1m--- [0;32mmaven-compiler-plugin:3.8.1:compile[m [1m(default-compile)[m @ [36mdrawsee[0;1m ---[m
[[1;34mINFO[m] Nothing to compile - all classes are up to date
[[1;34mINFO[m] 
[[1;34mINFO[m] [1m--- [0;32mmaven-resources-plugin:3.3.1:testResources[m [1m(default-testResources)[m @ [36mdrawsee[0;1m ---[m
[[1;34mINFO[m] skip non existing resourceDirectory /home/yifan/Workspace/drawsee-platform/drawsee-java/src/test/resources
[[1;34mINFO[m] 
[[1;34mINFO[m] [1m--- [0;32mmaven-compiler-plugin:3.8.1:testCompile[m [1m(default-testCompile)[m @ [36mdrawsee[0;1m ---[m
[[1;34mINFO[m] Nothing to compile - all classes are up to date
[[1;34mINFO[m] 
[[1;34mINFO[m] [1m<<< [0;32mspring-boot-maven-plugin:3.4.3:run[m [1m(default-cli)[0;1m < [0;1mtest-compile[m @ [36mdrawsee[0;1m <<<[m
[[1;34mINFO[m] 
[[1;34mINFO[m] 
[[1;34mINFO[m] [1m--- [0;32mspring-boot-maven-plugin:3.4.3:run[m [1m(default-cli)[m @ [36mdrawsee[0;1m ---[m
[[1;34mINFO[m] Attaching agents: []

  .   ____          _            __ _ _
 /\\ / ___'_ __ _ _(_)_ __  __ _ \ \ \ \
( ( )\___ | '_ | '_| | '_ \/ _` | \ \ \ \
 \\/  ___)| |_)| | | | | || (_| |  ) ) ) )
  '  |____| .__|_| |_|_| |_\__, | / / / /
 =========|_|==============|___/=/_/_/_/

 :: Spring Boot ::                (v3.4.3)

2025-04-26T20:43:42.852+08:00  INFO 284011 --- [drawsee-java] [           main] cn.yifan.drawsee.DrawseeApplication      : Starting DrawseeApplication using Java 21.0.6 with PID 284011 (/home/yifan/Workspace/drawsee-platform/drawsee-java/target/classes started by yifan in /home/yifan/Workspace/drawsee-platform/drawsee-java)
2025-04-26T20:43:42.854+08:00  INFO 284011 --- [drawsee-java] [           main] cn.yifan.drawsee.DrawseeApplication      : The following 1 profile is active: "prod"
2025-04-26T20:43:44.604+08:00  INFO 284011 --- [drawsee-java] [           main] .s.d.r.c.RepositoryConfigurationDelegate : Multiple Spring Data modules found, entering strict repository configuration mode
2025-04-26T20:43:44.606+08:00  INFO 284011 --- [drawsee-java] [           main] .s.d.r.c.RepositoryConfigurationDelegate : Bootstrapping Spring Data MongoDB repositories in DEFAULT mode.
2025-04-26T20:43:44.881+08:00  INFO 284011 --- [drawsee-java] [           main] .s.d.r.c.RepositoryConfigurationDelegate : Finished Spring Data repository scanning in 262 ms. Found 4 MongoDB repository interfaces.
2025-04-26T20:43:44.894+08:00  INFO 284011 --- [drawsee-java] [           main] .s.d.r.c.RepositoryConfigurationDelegate : Multiple Spring Data modules found, entering strict repository configuration mode
2025-04-26T20:43:44.896+08:00  INFO 284011 --- [drawsee-java] [           main] .s.d.r.c.RepositoryConfigurationDelegate : Bootstrapping Spring Data Redis repositories in DEFAULT mode.
2025-04-26T20:43:44.912+08:00  INFO 284011 --- [drawsee-java] [           main] .RepositoryConfigurationExtensionSupport : Spring Data Redis - Could not safely identify store assignment for repository candidate interface cn.yifan.drawsee.repository.CourseRepository; If you want this repository to be a Redis repository, consider annotating your entities with one of these annotations: org.springframework.data.redis.core.RedisHash (preferred), or consider extending one of the following types with your repository: org.springframework.data.keyvalue.repository.KeyValueRepository
2025-04-26T20:43:44.913+08:00  INFO 284011 --- [drawsee-java] [           main] .RepositoryConfigurationExtensionSupport : Spring Data Redis - Could not safely identify store assignment for repository candidate interface cn.yifan.drawsee.repository.KnowledgeBaseRepository; If you want this repository to be a Redis repository, consider annotating your entities with one of these annotations: org.springframework.data.redis.core.RedisHash (preferred), or consider extending one of the following types with your repository: org.springframework.data.keyvalue.repository.KeyValueRepository
2025-04-26T20:43:44.913+08:00  INFO 284011 --- [drawsee-java] [           main] .RepositoryConfigurationExtensionSupport : Spring Data Redis - Could not safely identify store assignment for repository candidate interface cn.yifan.drawsee.repository.KnowledgePositionRepository; If you want this repository to be a Redis repository, consider annotating your entities with one of these annotations: org.springframework.data.redis.core.RedisHash (preferred), or consider extending one of the following types with your repository: org.springframework.data.keyvalue.repository.KeyValueRepository
2025-04-26T20:43:44.913+08:00  INFO 284011 --- [drawsee-java] [           main] .RepositoryConfigurationExtensionSupport : Spring Data Redis - Could not safely identify store assignment for repository candidate interface cn.yifan.drawsee.repository.KnowledgeRepository; If you want this repository to be a Redis repository, consider annotating your entities with one of these annotations: org.springframework.data.redis.core.RedisHash (preferred), or consider extending one of the following types with your repository: org.springframework.data.keyvalue.repository.KeyValueRepository
2025-04-26T20:43:44.913+08:00  INFO 284011 --- [drawsee-java] [           main] .s.d.r.c.RepositoryConfigurationDelegate : Finished Spring Data repository scanning in 8 ms. Found 0 Redis repository interfaces.
2025-04-26T20:43:45.706+08:00  INFO 284011 --- [drawsee-java] [           main] o.s.b.w.embedded.tomcat.TomcatWebServer  : Tomcat initialized with port 6868 (http)
2025-04-26T20:43:45.723+08:00  INFO 284011 --- [drawsee-java] [           main] o.apache.catalina.core.StandardService   : Starting service [Tomcat]
2025-04-26T20:43:45.723+08:00  INFO 284011 --- [drawsee-java] [           main] o.apache.catalina.core.StandardEngine    : Starting Servlet engine: [Apache Tomcat/10.1.36]
2025-04-26T20:43:45.780+08:00  INFO 284011 --- [drawsee-java] [           main] o.a.c.c.C.[Tomcat].[localhost].[/]       : Initializing Spring embedded WebApplicationContext
2025-04-26T20:43:45.781+08:00  INFO 284011 --- [drawsee-java] [           main] w.s.c.ServletWebServerApplicationContext : Root WebApplicationContext: initialization completed in 2859 ms
2025-04-26T20:43:45.969+08:00  INFO 284011 --- [drawsee-java] [           main] c.a.d.s.b.a.DruidDataSourceAutoConfigure : Init DruidDataSource
2025-04-26T20:43:46.168+08:00  INFO 284011 --- [drawsee-java] [           main] com.alibaba.druid.pool.DruidDataSource   : {dataSource-1} inited
2025-04-26T20:43:48.278+08:00  INFO 284011 --- [drawsee-java] [           main] org.redisson.Version                     : Redisson 3.41.0
2025-04-26T20:43:48.663+08:00  INFO 284011 --- [drawsee-java] [isson-netty-1-6] o.redisson.connection.ConnectionsHolder  : 1 connections initialized for 42.193.107.127/42.193.107.127:6278
2025-04-26T20:43:49.163+08:00  INFO 284011 --- [drawsee-java] [sson-netty-1-19] o.redisson.connection.ConnectionsHolder  : 24 connections initialized for 42.193.107.127/42.193.107.127:6278
2025-04-26T20:43:49.329+08:00  INFO 284011 --- [drawsee-java] [           main] org.mongodb.driver.client                : MongoClient with metadata {"driver": {"name": "mongo-java-driver|sync|spring-boot", "version": "5.2.1"}, "os": {"type": "Linux", "name": "Linux", "architecture": "amd64", "version": "6.11.0-24-generic"}, "platform": "Java/Ubuntu/21.0.6+7-Ubuntu-124.04.1"} created with settings MongoClientSettings{readPreference=primary, writeConcern=WriteConcern{w=null, wTimeout=null ms, journal=null}, retryWrites=true, retryReads=true, readConcern=ReadConcern{level=null}, credential=null, transportSettings=null, commandListeners=[io.micrometer.core.instrument.binder.mongodb.MongoMetricsCommandListener@5a11fb3e], codecRegistry=ProvidersCodecRegistry{codecProviders=[ValueCodecProvider{}, BsonValueCodecProvider{}, DBRefCodecProvider{}, DBObjectCodecProvider{}, DocumentCodecProvider{}, CollectionCodecProvider{}, IterableCodecProvider{}, MapCodecProvider{}, GeoJsonCodecProvider{}, GridFSFileCodecProvider{}, Jsr310CodecProvider{}, JsonObjectCodecProvider{}, BsonCodecProvider{}, EnumCodecProvider{}, com.mongodb.client.model.mql.ExpressionCodecProvider@31b6770c, com.mongodb.Jep395RecordCodecProvider@6d30b829, com.mongodb.KotlinCodecProvider@7e40d83b]}, loggerSettings=LoggerSettings{maxDocumentLength=1000}, clusterSettings={hosts=[42.193.107.127:26084], srvServiceName=mongodb, mode=SINGLE, requiredClusterType=UNKNOWN, requiredReplicaSetName='null', serverSelector='null', clusterListeners='[]', serverSelectionTimeout='30000 ms', localThreshold='15 ms'}, socketSettings=SocketSettings{connectTimeoutMS=10000, readTimeoutMS=0, receiveBufferSize=0, proxySettings=ProxySettings{host=null, port=null, username=null, password=null}}, heartbeatSocketSettings=SocketSettings{connectTimeoutMS=10000, readTimeoutMS=10000, receiveBufferSize=0, proxySettings=ProxySettings{host=null, port=null, username=null, password=null}}, connectionPoolSettings=ConnectionPoolSettings{maxSize=100, minSize=0, maxWaitTimeMS=120000, maxConnectionLifeTimeMS=0, maxConnectionIdleTimeMS=0, maintenanceInitialDelayMS=0, maintenanceFrequencyMS=60000, connectionPoolListeners=[io.micrometer.core.instrument.binder.mongodb.MongoMetricsConnectionPoolListener@77831dde], maxConnecting=2}, serverSettings=ServerSettings{heartbeatFrequencyMS=10000, minHeartbeatFrequencyMS=500, serverMonitoringMode=AUTO, serverListeners='[]', serverMonitorListeners='[]'}, sslSettings=SslSettings{enabled=false, invalidHostNameAllowed=false, context=null}, applicationName='null', compressorList=[], uuidRepresentation=JAVA_LEGACY, serverApi=null, autoEncryptionSettings=null, dnsClient=null, inetAddressResolver=null, contextProvider=null, timeoutMS=null}
2025-04-26T20:43:49.359+08:00  INFO 284011 --- [drawsee-java] [3.107.127:26084] org.mongodb.driver.cluster               : Monitor thread successfully connected to server with description ServerDescription{address=42.193.107.127:26084, type=STANDALONE, cryptd=false, state=CONNECTED, ok=true, minWireVersion=0, maxWireVersion=25, maxDocumentSize=16777216, logicalSessionTimeoutMinutes=30, roundTripTimeNanos=21269318, minRoundTripTimeNanos=0}
2025-04-26T20:43:49.637+08:00 DEBUG 284011 --- [drawsee-java] [           main] o.s.data.mongodb.core.MongoTemplate      : find using query: {} fields: Document{{}} sort: null for class: class cn.yifan.drawsee.pojo.mongo.Knowledge in collection: knowledge
2025-04-26T20:43:50.159+08:00  INFO 284011 --- [drawsee-java] [           main] o.s.a.r.c.CachingConnectionFactory       : Attempting to connect to: [42.193.107.127:5678]
2025-04-26T20:43:50.234+08:00  INFO 284011 --- [drawsee-java] [           main] o.s.a.r.c.CachingConnectionFactory       : Created new connection: rabbitConnectionFactory#3045273c:0/SimpleConnection@5f4ec302 [delegate=amqp://drawsee-prod@42.193.107.127:5678//drawsee-prod, localPort=41204]
____ ____    ___ ____ _  _ ____ _  _ 
[__  |__| __  |  |  | |_/  |___ |\ | 
___] |  |     |  |__| | \_ |___ | \| 
https://sa-token.cc (v1.39.0)
SA [INFO] -->: Õģ©Õ▒ĆķģŹńĮ« SaTokenConfig [tokenName=Authorization, timeout=2592000, activeTimeout=-1, dynamicActiveTimeout=false, isConcurrent=true, isShare=true, maxLoginCount=12, maxTryTimes=12, isReadBody=true, isReadHeader=true, isReadCookie=true, isWriteHeader=false, tokenStyle=uuid, dataRefreshPeriod=30, tokenSessionCheckLogin=true, autoRenew=true, tokenPrefix=Bearer, isPrint=true, isLog=true, logLevel=trace, logLevelInt=1, isColorLog=false, jwtSecretKey=null, httpBasic=, httpDigest=, currDomain=null, sameTokenTimeout=86400, checkSameToken=false, cookie=SaCookieConfig [domain=null, path=null, secure=false, httpOnly=false, sameSite=null], sign=SaSignConfig [secretKey=null, timestampDisparity=900000]] 
SA [INFO] -->: Õģ©Õ▒Ćń╗äõ╗Č SaTokenDao ĶĮĮÕģźµłÉÕŖ¤: cn.dev33.satoken.dao.SaTokenDaoRedisJackson
SA [INFO] -->: Õģ©Õ▒Ćń╗äõ╗Č StpInterface ĶĮĮÕģźµłÉÕŖ¤: cn.yifan.drawsee.util.StpInterfaceImpl
SA [INFO] -->: Õģ©Õ▒Ćń╗äõ╗Č SaTokenContext ĶĮĮÕģźµłÉÕŖ¤: cn.dev33.satoken.spring.SaTokenContextForSpringInJakartaServlet
SA [INFO] -->: Õģ©Õ▒Ćń╗äõ╗Č SaJsonTemplate ĶĮĮÕģźµłÉÕŖ¤: cn.dev33.satoken.spring.json.SaJsonTemplateForJackson
2025-04-26T20:43:52.089+08:00  INFO 284011 --- [drawsee-java] [           main] o.s.b.a.e.web.EndpointLinksResolver      : Exposing 14 endpoints beneath base path '/actuator'
2025-04-26T20:43:52.147+08:00  INFO 284011 --- [drawsee-java] [           main] o.s.b.w.embedded.tomcat.TomcatWebServer  : Tomcat started on port 6868 (http) with context path '/'
2025-04-26T20:43:52.422+08:00  INFO 284011 --- [drawsee-java] [           main] cn.yifan.drawsee.DrawseeApplication      : Started DrawseeApplication in 10.244 seconds (process running for 10.679)
2025-04-26T20:44:04.713+08:00  INFO 284011 --- [drawsee-java] [ntContainer#0-2] o.s.a.r.l.SimpleMessageListenerContainer : Waiting for workers to finish.
2025-04-26T20:44:04.746+08:00  INFO 284011 --- [drawsee-java] [ue_4.Endpoint-6] o.s.a.r.l.SimpleMessageListenerContainer : Waiting for workers to finish.
2025-04-26T20:44:04.777+08:00  INFO 284011 --- [drawsee-java] [ue_2.Endpoint-6] o.s.a.r.l.SimpleMessageListenerContainer : Waiting for workers to finish.
2025-04-26T20:44:04.808+08:00  INFO 284011 --- [drawsee-java] [ue_5.Endpoint-6] o.s.a.r.l.SimpleMessageListenerContainer : Waiting for workers to finish.
2025-04-26T20:44:04.839+08:00  INFO 284011 --- [drawsee-java] [ue_3.Endpoint-6] o.s.a.r.l.SimpleMessageListenerContainer : Waiting for workers to finish.
2025-04-26T20:44:04.870+08:00  INFO 284011 --- [drawsee-java] [ue_1.Endpoint-6] o.s.a.r.l.SimpleMessageListenerContainer : Waiting for workers to finish.
2025-04-26T20:44:05.213+08:00  INFO 284011 --- [drawsee-java] [ntContainer#0-2] o.s.a.r.l.SimpleMessageListenerContainer : Successfully waited for workers to finish.
2025-04-26T20:44:05.245+08:00  INFO 284011 --- [drawsee-java] [ue_4.Endpoint-6] o.s.a.r.l.SimpleMessageListenerContainer : Successfully waited for workers to finish.
2025-04-26T20:44:05.279+08:00  INFO 284011 --- [drawsee-java] [ue_2.Endpoint-6] o.s.a.r.l.SimpleMessageListenerContainer : Successfully waited for workers to finish.
2025-04-26T20:44:05.325+08:00  INFO 284011 --- [drawsee-java] [ue_5.Endpoint-6] o.s.a.r.l.SimpleMessageListenerContainer : Successfully waited for workers to finish.
2025-04-26T20:44:05.360+08:00  INFO 284011 --- [drawsee-java] [ue_3.Endpoint-6] o.s.a.r.l.SimpleMessageListenerContainer : Successfully waited for workers to finish.
2025-04-26T20:44:05.397+08:00  INFO 284011 --- [drawsee-java] [ue_1.Endpoint-6] o.s.a.r.l.SimpleMessageListenerContainer : Successfully waited for workers to finish.
2025-04-26T20:44:05.400+08:00  INFO 284011 --- [drawsee-java] [ionShutdownHook] o.s.b.w.e.tomcat.GracefulShutdown        : Commencing graceful shutdown. Waiting for active requests to complete
2025-04-26T20:44:05.404+08:00  INFO 284011 --- [drawsee-java] [tomcat-shutdown] o.s.b.w.e.tomcat.GracefulShutdown        : Graceful shutdown complete
2025-04-26T20:44:05.466+08:00  INFO 284011 --- [drawsee-java] [ionShutdownHook] com.alibaba.druid.pool.DruidDataSource   : {dataSource-1} closing ...
2025-04-26T20:44:05.467+08:00  INFO 284011 --- [drawsee-java] [ionShutdownHook] com.alibaba.druid.pool.DruidDataSource   : {dataSource-1} closed
[[1;34mINFO[m] [1m------------------------------------------------------------------------[m
[[1;34mINFO[m] [1;32mBUILD SUCCESS[m
[[1;34mINFO[m] [1m------------------------------------------------------------------------[m
[[1;34mINFO[m] Total time:  25.889 s
[[1;34mINFO[m] Finished at: 2025-04-26T20:44:05+08:00
[[1;34mINFO[m] [1m------------------------------------------------------------------------[m
